<?xml version="1.0" encoding="UTF-8"?>
<!-- Generated by org.testng.reporters.JUnitReportReporter -->
<testsuite hostname="MLI-LAP-230" failures="0" tests="1" name="com.mystore.testcases.LoginPageTest" time="22.550" errors="0" timestamp="2022-09-16T23:45:58 IST" skipped="0">
  <testcase classname="com.mystore.testcases.LoginPageTest" name="loginTest" time="22.550"/>
  <system-out/>
</testsuite> <!-- com.mystore.testcases.LoginPageTest -->
