<?xml version="1.0" encoding="UTF-8"?>
<!-- Generated by org.testng.reporters.JUnitReportReporter -->
<testsuite hostname="MLI-LAP-230" failures="0" tests="1" name="com.mystore.testcases.AddToCartPageTest" time="42.031" errors="0" timestamp="2022-09-10T16:07:26 IST" skipped="0">
  <testcase classname="com.mystore.testcases.AddToCartPageTest" name="addTocCartTest" time="42.031"/>
  <system-out/>
</testsuite> <!-- com.mystore.testcases.AddToCartPageTest -->
