<?xml version="1.0" encoding="UTF-8"?>
<!-- Generated by org.testng.reporters.JUnitReportReporter -->
<testsuite hostname="MLI-LAP-230" failures="0" tests="1" name="com.mystore.testcases.AccountCreationPageTest" time="24.918" errors="0" timestamp="2022-09-10T16:07:26 IST" skipped="0">
  <testcase classname="com.mystore.testcases.AccountCreationPageTest" name="verifyCreateAccountPageTest" time="24.918"/>
  <system-out/>
</testsuite> <!-- com.mystore.testcases.AccountCreationPageTest -->
