<?xml version="1.0" encoding="UTF-8"?>
<!-- Generated by org.testng.reporters.JUnitReportReporter -->
<testsuite hostname="MLI-LAP-230" failures="0" tests="2" name="com.mystore.testcases.HomePageTest" time="52.431" errors="0" timestamp="2022-09-16T23:45:58 IST" skipped="0">
  <testcase classname="com.mystore.testcases.HomePageTest" name="orderHistoryDetailsTest" time="27.033"/>
  <system-out/>
  <testcase classname="com.mystore.testcases.HomePageTest" name="wishListTest" time="25.398"/>
  <system-out/>
</testsuite> <!-- com.mystore.testcases.HomePageTest -->
