<?xml version="1.0" encoding="UTF-8"?>
<!-- Generated by org.testng.reporters.JUnitReportReporter -->
<testsuite hostname="MLI-LAP-230" failures="0" tests="1" name="com.mystore.testcases.SearchResultPageTest" time="22.348" errors="0" timestamp="2022-09-16T23:45:58 IST" skipped="0">
  <testcase classname="com.mystore.testcases.SearchResultPageTest" name="productAvailability" time="22.348"/>
  <system-out/>
</testsuite> <!-- com.mystore.testcases.SearchResultPageTest -->
